WordPress/build/outputs/logs/manifest-merger-vanilla-debug-report.txt
-- Merging decision tree log ---
manifest
ADDED from src/main/AndroidManifest.xml:2:1-516:12
	package
		ADDED from src/main/AndroidManifest.xml:2:11-42
		INJECTED from src/main/AndroidManifest.xml
		INJECTED from src/main/AndroidManifest.xml
	android:versionName
		INJECTED from src/main/AndroidManifest.xml
		INJECTED from src/main/AndroidManifest.xml
	xmlns:tools
		ADDED from src/main/AndroidManifest.xml:4:11-57
	xmlns:android
		ADDED from src/main/AndroidManifest.xml:3:11-69
	android:versionCode
		INJECTED from src/main/AndroidManifest.xml
		INJECTED from src/main/AndroidManifest.xml
	android:installLocation
		ADDED from src/main/AndroidManifest.xml:5:11-41
supports-screens
ADDED from src/main/AndroidManifest.xml:7:5-11:39
	android:largeScreens
		ADDED from src/main/AndroidManifest.xml:9:9-36
	android:smallScreens
		ADDED from src/main/AndroidManifest.xml:11:9-36
	android:normalScreens
		ADDED from src/main/AndroidManifest.xml:10:9-37
	android:anyDensity
		ADDED from src/main/AndroidManifest.xml:8:9-34
uses-permission#android.permission.VIBRATE
ADDED from src/main/AndroidManifest.xml:14:5-66
	android:name
		ADDED from src/main/AndroidManifest.xml:14:22-63
uses-permission#android.permission.INTERNET
ADDED from src/main/AndroidManifest.xml:15:5-67
MERGED from [com.crashlytics.sdk.android:crashlytics:2.5.5] AndroidManifest.xml:9:5-67
MERGED from [com.crashlytics.sdk.android:answers:1.3.6] AndroidManifest.xml:9:5-67
MERGED from [io.fabric.sdk.android:fabric:1.3.10] AndroidManifest.xml:25:5-67
MERGED from [com.crashlytics.sdk.android:crashlytics-core:2.3.8] AndroidManifest.xml:9:5-67
MERGED from [com.crashlytics.sdk.android:answers:1.3.6] AndroidManifest.xml:9:5-67
MERGED from [io.fabric.sdk.android:fabric:1.3.10] AndroidManifest.xml:25:5-67
MERGED from [io.fabric.sdk.android:fabric:1.3.10] AndroidManifest.xml:25:5-67
MERGED from [io.fabric.sdk.android:fabric:1.3.10] AndroidManifest.xml:25:5-67
MERGED from [com.crashlytics.sdk.android:beta:1.1.4] AndroidManifest.xml:9:5-67
MERGED from [com.google.android.gms:play-services-gcm:9.0.2] AndroidManifest.xml:22:5-67
MERGED from [com.google.android.gms:play-services-iid:9.0.2] AndroidManifest.xml:22:5-67
MERGED from [com.helpshift:android-helpshift-aar:4.4.0] AndroidManifest.xml:11:5-67
MERGED from [com.automattic:rest:1.0.7] AndroidManifest.xml:11:5-67
MERGED from [com.simperium.android:simperium:0.6.8] AndroidManifest.xml:11:5-67
MERGED from [com.automattic:rest:1.0.7] AndroidManifest.xml:11:5-67
MERGED from [com.mixpanel.android:mixpanel-android:4.6.4] AndroidManifest.xml:17:5-67
	android:name
		ADDED from src/main/AndroidManifest.xml:15:22-64
uses-permission#android.permission.ACCESS_NETWORK_STATE
ADDED from src/main/AndroidManifest.xml:16:5-79
MERGED from [com.helpshift:android-helpshift-aar:4.4.0] AndroidManifest.xml:12:5-79
MERGED from [com.simperium.android:simperium:0.6.8] AndroidManifest.xml:10:5-79
	android:name
		ADDED from src/main/AndroidManifest.xml:16:22-76
uses-permission#com.android.launcher.permission.INSTALL_SHORTCUT
ADDED from src/main/AndroidManifest.xml:17:5-88
	android:name
		ADDED from src/main/AndroidManifest.xml:17:22-85
uses-permission#com.android.launcher.permission.UNINSTALL_SHORTCUT
ADDED from src/main/AndroidManifest.xml:18:5-90
	android:name
		ADDED from src/main/AndroidManifest.xml:18:22-87
uses-permission#android.permission.CAMERA
ADDED from src/main/AndroidManifest.xml:21:5-65
	android:name
		ADDED from src/main/AndroidManifest.xml:21:22-62
uses-permission#android.permission.GET_ACCOUNTS
ADDED from src/main/AndroidManifest.xml:22:5-71
MERGED from [org.wordpress:WordPressUtils:1.10.0:debug] AndroidManifest.xml:10:5-71
	android:name
		ADDED from src/main/AndroidManifest.xml:22:22-68
uses-permission#android.permission.WRITE_EXTERNAL_STORAGE
ADDED from src/main/AndroidManifest.xml:23:5-81
MERGED from [com.helpshift:android-helpshift-aar:4.4.0] AndroidManifest.xml:13:5-81
	android:name
		ADDED from src/main/AndroidManifest.xml:23:22-78
uses-permission#android.permission.ACCESS_FINE_LOCATION
ADDED from src/main/AndroidManifest.xml:24:5-79
	android:name
		ADDED from src/main/AndroidManifest.xml:24:22-76
uses-permission#android.permission.ACCESS_COARSE_LOCATION
ADDED from src/main/AndroidManifest.xml:25:5-81
	android:name
		ADDED from src/main/AndroidManifest.xml:25:22-78
uses-permission#com.google.android.c2dm.permission.RECEIVE
ADDED from src/main/AndroidManifest.xml:28:5-82
MERGED from [com.google.android.gms:play-services-gcm:9.0.2] AndroidManifest.xml:21:5-82
MERGED from [com.google.android.gms:play-services-iid:9.0.2] AndroidManifest.xml:21:5-82
	android:name
		ADDED from src/main/AndroidManifest.xml:28:22-79
uses-permission#android.permission.WAKE_LOCK
ADDED from src/main/AndroidManifest.xml:29:5-68
	android:name
		ADDED from src/main/AndroidManifest.xml:29:22-65
permission#${applicationId}.permission.C2D_MESSAGE
ADDED from src/main/AndroidManifest.xml:32:5-34:47
	android:protectionLevel
		ADDED from src/main/AndroidManifest.xml:34:9-44
	android:name
		ADDED from src/main/AndroidManifest.xml:33:9-63
		INJECTED from src/main/AndroidManifest.xml
uses-permission#${applicationId}.permission.C2D_MESSAGE
ADDED from src/main/AndroidManifest.xml:36:5-79
	android:name
		ADDED from src/main/AndroidManifest.xml:36:22-76
		INJECTED from src/main/AndroidManifest.xml
uses-feature#android.hardware.camera
ADDED from src/main/AndroidManifest.xml:38:5-40:36
	android:required
		ADDED from src/main/AndroidManifest.xml:40:9-33
	android:name
		ADDED from src/main/AndroidManifest.xml:39:9-47
uses-feature#android.hardware.location
ADDED from src/main/AndroidManifest.xml:41:5-43:36
	android:required
		ADDED from src/main/AndroidManifest.xml:43:9-33
	android:name
		ADDED from src/main/AndroidManifest.xml:42:9-49
uses-feature#android.hardware.location.gps
ADDED from src/main/AndroidManifest.xml:44:5-46:36
	android:required
		ADDED from src/main/AndroidManifest.xml:46:9-33
	android:name
		ADDED from src/main/AndroidManifest.xml:45:9-53
uses-feature#android.hardware.location.network
ADDED from src/main/AndroidManifest.xml:47:5-49:36
	android:required
		ADDED from src/main/AndroidManifest.xml:49:9-33
	android:name
		ADDED from src/main/AndroidManifest.xml:48:9-57
uses-feature#android.hardware.touchscreen
ADDED from src/main/AndroidManifest.xml:50:5-52:36
	android:required
		ADDED from src/main/AndroidManifest.xml:52:9-33
	android:name
		ADDED from src/main/AndroidManifest.xml:51:9-52
uses-feature#android.hardware.screen.portrait
ADDED from src/main/AndroidManifest.xml:53:5-55:36
	android:required
		ADDED from src/main/AndroidManifest.xml:55:9-33
	android:name
		ADDED from src/main/AndroidManifest.xml:54:9-56
application
ADDED from src/main/AndroidManifest.xml:57:5-515:19
MERGED from [com.crashlytics.sdk.android:crashlytics:2.5.5] AndroidManifest.xml:11:5-20
MERGED from [com.crashlytics.sdk.android:answers:1.3.6] AndroidManifest.xml:11:5-20
MERGED from [io.fabric.sdk.android:fabric:1.3.10] AndroidManifest.xml:27:5-20
MERGED from [com.crashlytics.sdk.android:crashlytics-core:2.3.8] AndroidManifest.xml:11:5-20
MERGED from [com.crashlytics.sdk.android:answers:1.3.6] AndroidManifest.xml:11:5-20
MERGED from [io.fabric.sdk.android:fabric:1.3.10] AndroidManifest.xml:27:5-20
MERGED from [io.fabric.sdk.android:fabric:1.3.10] AndroidManifest.xml:27:5-20
MERGED from [io.fabric.sdk.android:fabric:1.3.10] AndroidManifest.xml:27:5-20
MERGED from [com.crashlytics.sdk.android:beta:1.1.4] AndroidManifest.xml:11:5-20
MERGED from [com.optimizely:optimizely:1.5.0] AndroidManifest.xml:11:5-12:19
MERGED from [com.optimizely:optimizely-editor:1.5.0] AndroidManifest.xml:10:5-33:19
MERGED from [com.android.support:support-v4:24.0.0] AndroidManifest.xml:25:5-20
MERGED from [com.optimizely:optimizely-core:1.5.0] AndroidManifest.xml:11:5-12:19
MERGED from [com.android.support:support-v4:24.0.0] AndroidManifest.xml:25:5-20
MERGED from [org.wordpress:mediapicker:1.2.4] AndroidManifest.xml:11:5-14:44
MERGED from [com.android.support:support-v13:24.0.0] AndroidManifest.xml:25:5-20
MERGED from [com.android.support:support-v4:24.0.0] AndroidManifest.xml:25:5-20
MERGED from [com.android.support:appcompat-v7:24.0.0] AndroidManifest.xml:25:5-20
MERGED from [com.android.support:support-v4:24.0.0] AndroidManifest.xml:25:5-20
MERGED from [com.android.support:support-vector-drawable:24.0.0] AndroidManifest.xml:23:5-20
MERGED from [com.android.support:support-v4:24.0.0] AndroidManifest.xml:25:5-20
MERGED from [com.android.support:animated-vector-drawable:24.0.0] AndroidManifest.xml:22:5-20
MERGED from [com.android.support:support-vector-drawable:24.0.0] AndroidManifest.xml:23:5-20
MERGED from [com.android.support:support-v4:24.0.0] AndroidManifest.xml:25:5-20
MERGED from [com.android.support:cardview-v7:24.0.0] AndroidManifest.xml:22:5-20
MERGED from [com.android.support:support-v4:24.0.0] AndroidManifest.xml:25:5-20
MERGED from [com.android.support:design:24.0.0] AndroidManifest.xml:22:5-20
MERGED from [com.android.support:support-v4:24.0.0] AndroidManifest.xml:25:5-20
MERGED from [com.android.support:support-v4:24.0.0] AndroidManifest.xml:25:5-20
MERGED from [com.android.support:appcompat-v7:24.0.0] AndroidManifest.xml:25:5-20
MERGED from [com.android.support:support-v4:24.0.0] AndroidManifest.xml:25:5-20
MERGED from [com.android.support:support-vector-drawable:24.0.0] AndroidManifest.xml:23:5-20
MERGED from [com.android.support:support-v4:24.0.0] AndroidManifest.xml:25:5-20
MERGED from [com.android.support:animated-vector-drawable:24.0.0] AndroidManifest.xml:22:5-20
MERGED from [com.android.support:support-vector-drawable:24.0.0] AndroidManifest.xml:23:5-20
MERGED from [com.android.support:support-v4:24.0.0] AndroidManifest.xml:25:5-20
MERGED from [com.android.support:percent:24.0.0] AndroidManifest.xml:22:5-20
MERGED from [com.android.support:support-v4:24.0.0] AndroidManifest.xml:25:5-20
MERGED from [com.google.android.gms:play-services-gcm:9.0.2] AndroidManifest.xml:24:5-20
MERGED from [com.google.android.gms:play-services-base:9.0.2] AndroidManifest.xml:19:5-23:19
MERGED from [com.google.android.gms:play-services-basement:9.0.2] AndroidManifest.xml:20:5-24:19
MERGED from [com.android.support:support-v4:24.0.0] AndroidManifest.xml:25:5-20
MERGED from [com.google.firebase:firebase-common:9.0.2] AndroidManifest.xml:5:5-12:19
MERGED from [com.google.android.gms:play-services-basement:9.0.2] AndroidManifest.xml:20:5-24:19
MERGED from [com.android.support:support-v4:24.0.0] AndroidManifest.xml:25:5-20
MERGED from [com.google.android.gms:play-services-tasks:9.0.2] AndroidManifest.xml:5:5-20
MERGED from [com.google.android.gms:play-services-basement:9.0.2] AndroidManifest.xml:20:5-24:19
MERGED from [com.android.support:support-v4:24.0.0] AndroidManifest.xml:25:5-20
MERGED from [com.google.android.gms:play-services-tasks:9.0.2] AndroidManifest.xml:5:5-20
MERGED from [com.google.android.gms:play-services-basement:9.0.2] AndroidManifest.xml:20:5-24:19
MERGED from [com.android.support:support-v4:24.0.0] AndroidManifest.xml:25:5-20
MERGED from [com.google.android.gms:play-services-basement:9.0.2] AndroidManifest.xml:20:5-24:19
MERGED from [com.android.support:support-v4:24.0.0] AndroidManifest.xml:25:5-20
MERGED from [com.google.android.gms:play-services-iid:9.0.2] AndroidManifest.xml:24:5-20
MERGED from [com.google.android.gms:play-services-base:9.0.2] AndroidManifest.xml:19:5-23:19
MERGED from [com.google.android.gms:play-services-basement:9.0.2] AndroidManifest.xml:20:5-24:19
MERGED from [com.android.support:support-v4:24.0.0] AndroidManifest.xml:25:5-20
MERGED from [com.google.firebase:firebase-common:9.0.2] AndroidManifest.xml:5:5-12:19
MERGED from [com.google.android.gms:play-services-basement:9.0.2] AndroidManifest.xml:20:5-24:19
MERGED from [com.android.support:support-v4:24.0.0] AndroidManifest.xml:25:5-20
MERGED from [com.google.android.gms:play-services-tasks:9.0.2] AndroidManifest.xml:5:5-20
MERGED from [com.google.android.gms:play-services-basement:9.0.2] AndroidManifest.xml:20:5-24:19
MERGED from [com.android.support:support-v4:24.0.0] AndroidManifest.xml:25:5-20
MERGED from [com.google.android.gms:play-services-tasks:9.0.2] AndroidManifest.xml:5:5-20
MERGED from [com.google.android.gms:play-services-basement:9.0.2] AndroidManifest.xml:20:5-24:19
MERGED from [com.android.support:support-v4:24.0.0] AndroidManifest.xml:25:5-20
MERGED from [com.google.android.gms:play-services-basement:9.0.2] AndroidManifest.xml:20:5-24:19
MERGED from [com.android.support:support-v4:24.0.0] AndroidManifest.xml:25:5-20
MERGED from [com.google.android.gms:play-services-auth:9.0.2] AndroidManifest.xml:20:5-32:19
MERGED from [com.google.android.gms:play-services-base:9.0.2] AndroidManifest.xml:19:5-23:19
MERGED from [com.google.android.gms:play-services-basement:9.0.2] AndroidManifest.xml:20:5-24:19
MERGED from [com.android.support:support-v4:24.0.0] AndroidManifest.xml:25:5-20
MERGED from [com.google.firebase:firebase-common:9.0.2] AndroidManifest.xml:5:5-12:19
MERGED from [com.google.android.gms:play-services-basement:9.0.2] AndroidManifest.xml:20:5-24:19
MERGED from [com.android.support:support-v4:24.0.0] AndroidManifest.xml:25:5-20
MERGED from [com.google.android.gms:play-services-tasks:9.0.2] AndroidManifest.xml:5:5-20
MERGED from [com.google.android.gms:play-services-basement:9.0.2] AndroidManifest.xml:20:5-24:19
MERGED from [com.android.support:support-v4:24.0.0] AndroidManifest.xml:25:5-20
MERGED from [com.google.android.gms:play-services-tasks:9.0.2] AndroidManifest.xml:5:5-20
MERGED from [com.google.android.gms:play-services-basement:9.0.2] AndroidManifest.xml:20:5-24:19
MERGED from [com.android.support:support-v4:24.0.0] AndroidManifest.xml:25:5-20
MERGED from [com.google.android.gms:play-services-basement:9.0.2] AndroidManifest.xml:20:5-24:19
MERGED from [com.android.support:support-v4:24.0.0] AndroidManifest.xml:25:5-20
MERGED from [com.google.android.gms:play-services-base:9.0.2] AndroidManifest.xml:19:5-23:19
MERGED from [com.google.android.gms:play-services-basement:9.0.2] AndroidManifest.xml:20:5-24:19
MERGED from [com.android.support:support-v4:24.0.0] AndroidManifest.xml:25:5-20
MERGED from [com.google.firebase:firebase-common:9.0.2] AndroidManifest.xml:5:5-12:19
MERGED from [com.google.android.gms:play-services-basement:9.0.2] AndroidManifest.xml:20:5-24:19
MERGED from [com.android.support:support-v4:24.0.0] AndroidManifest.xml:25:5-20
MERGED from [com.google.android.gms:play-services-tasks:9.0.2] AndroidManifest.xml:5:5-20
MERGED from [com.google.android.gms:play-services-basement:9.0.2] AndroidManifest.xml:20:5-24:19
MERGED from [com.android.support:support-v4:24.0.0] AndroidManifest.xml:25:5-20
MERGED from [com.google.android.gms:play-services-tasks:9.0.2] AndroidManifest.xml:5:5-20
MERGED from [com.google.android.gms:play-services-basement:9.0.2] AndroidManifest.xml:20:5-24:19
MERGED from [com.android.support:support-v4:24.0.0] AndroidManifest.xml:25:5-20
MERGED from [com.google.android.gms:play-services-basement:9.0.2] AndroidManifest.xml:20:5-24:19
MERGED from [com.android.support:support-v4:24.0.0] AndroidManifest.xml:25:5-20
MERGED from [com.android.support:support-v4:24.0.0] AndroidManifest.xml:25:5-20
MERGED from [com.helpshift:android-helpshift-aar:4.4.0] AndroidManifest.xml:15:5-49:19
MERGED from [org.wordpress:emailchecker2:1.1.0] AndroidManifest.xml:9:5-13:19
MERGED from [com.android.support:appcompat-v7:24.0.0] AndroidManifest.xml:25:5-20
MERGED from [com.android.support:support-v4:24.0.0] AndroidManifest.xml:25:5-20
MERGED from [com.android.support:support-vector-drawable:24.0.0] AndroidManifest.xml:23:5-20
MERGED from [com.android.support:support-v4:24.0.0] AndroidManifest.xml:25:5-20
MERGED from [com.android.support:animated-vector-drawable:24.0.0] AndroidManifest.xml:22:5-20
MERGED from [com.android.support:support-vector-drawable:24.0.0] AndroidManifest.xml:23:5-20
MERGED from [com.android.support:support-v4:24.0.0] AndroidManifest.xml:25:5-20
MERGED from [com.android.support:support-v4:24.0.0] AndroidManifest.xml:25:5-20
MERGED from [org.wordpress:slidinguppanel:1.0.0] AndroidManifest.xml:11:5-20
MERGED from [com.android.support:support-v4:24.0.0] AndroidManifest.xml:25:5-20
MERGED from [com.android.support:appcompat-v7:24.0.0] AndroidManifest.xml:25:5-20
MERGED from [com.android.support:support-v4:24.0.0] AndroidManifest.xml:25:5-20
MERGED from [com.android.support:support-vector-drawable:24.0.0] AndroidManifest.xml:23:5-20
MERGED from [com.android.support:support-v4:24.0.0] AndroidManifest.xml:25:5-20
MERGED from [com.android.support:animated-vector-drawable:24.0.0] AndroidManifest.xml:22:5-20
MERGED from [com.android.support:support-vector-drawable:24.0.0] AndroidManifest.xml:23:5-20
MERGED from [com.android.support:support-v4:24.0.0] AndroidManifest.xml:25:5-20
MERGED from [com.simperium.android:simperium:0.6.8] AndroidManifest.xml:13:5-17:19
MERGED from [com.android.support:support-v13:24.0.0] AndroidManifest.xml:25:5-20
MERGED from [com.android.support:support-v4:24.0.0] AndroidManifest.xml:25:5-20
MERGED from [com.mixpanel.android:mixpanel-android:4.6.4] AndroidManifest.xml:44:5-124:19
MERGED from [org.wordpress:WordPressEditor:1.2:debug] AndroidManifest.xml:11:5-13:19
MERGED from [com.android.support:appcompat-v7:24.0.0] AndroidManifest.xml:25:5-20
MERGED from [com.android.support:support-v4:24.0.0] AndroidManifest.xml:25:5-20
MERGED from [com.android.support:support-vector-drawable:24.0.0] AndroidManifest.xml:23:5-20
MERGED from [com.android.support:support-v4:24.0.0] AndroidManifest.xml:25:5-20
MERGED from [com.android.support:animated-vector-drawable:24.0.0] AndroidManifest.xml:22:5-20
MERGED from [com.android.support:support-vector-drawable:24.0.0] AndroidManifest.xml:23:5-20
MERGED from [com.android.support:support-v4:24.0.0] AndroidManifest.xml:25:5-20
MERGED from [com.android.support:support-v4:24.0.0] AndroidManifest.xml:25:5-20
MERGED from [com.android.support:design:24.0.0] AndroidManifest.xml:22:5-20
MERGED from [com.android.support:support-v4:24.0.0] AndroidManifest.xml:25:5-20
MERGED from [com.android.support:support-v4:24.0.0] AndroidManifest.xml:25:5-20
MERGED from [com.android.support:appcompat-v7:24.0.0] AndroidManifest.xml:25:5-20
MERGED from [com.android.support:support-v4:24.0.0] AndroidManifest.xml:25:5-20
MERGED from [com.android.support:support-vector-drawable:24.0.0] AndroidManifest.xml:23:5-20
MERGED from [com.android.support:support-v4:24.0.0] AndroidManifest.xml:25:5-20
MERGED from [com.android.support:animated-vector-drawable:24.0.0] AndroidManifest.xml:22:5-20
MERGED from [com.android.support:support-vector-drawable:24.0.0] AndroidManifest.xml:23:5-20
MERGED from [com.android.support:support-v4:24.0.0] AndroidManifest.xml:25:5-20
	android:label
		ADDED from src/main/AndroidManifest.xml:63:9-41
	android:supportsRtl
		ADDED from [org.wordpress:emailchecker2:1.1.0] AndroidManifest.xml:12:9-35
	android:hardwareAccelerated
		ADDED from src/main/AndroidManifest.xml:61:9-43
	android:fullBackupContent
		ADDED from src/main/AndroidManifest.xml:60:9-55
	tools:ignore
		ADDED from [com.mixpanel.android:mixpanel-android:4.6.4] AndroidManifest.xml:44:18-44
	android:allowBackup
		ADDED from src/main/AndroidManifest.xml:59:9-35
		REJECTED from [org.wordpress:mediapicker:1.2.4] AndroidManifest.xml:12:9-35
		REJECTED from [org.wordpress:emailchecker2:1.1.0] AndroidManifest.xml:10:9-35
	android:icon
		ADDED from src/main/AndroidManifest.xml:62:9-40
		REJECTED from [org.wordpress:mediapicker:1.2.4] AndroidManifest.xml:13:9-45
	android:largeHeap
		ADDED from src/main/AndroidManifest.xml:64:9-33
	android:theme
		ADDED from src/main/AndroidManifest.xml:65:9-41
	tools:replace
		ADDED from src/main/AndroidManifest.xml:66:9-42
	android:name
		ADDED from src/main/AndroidManifest.xml:58:9-34
activity#org.wordpress.android.ui.WPLaunchActivity
ADDED from src/main/AndroidManifest.xml:67:9-75:20
	android:noHistory
		ADDED from src/main/AndroidManifest.xml:69:13-37
	android:theme
		ADDED from src/main/AndroidManifest.xml:70:13-59
	android:name
		ADDED from src/main/AndroidManifest.xml:68:13-48
intent-filter#android.intent.action.MAIN+android.intent.category.LAUNCHER
ADDED from src/main/AndroidManifest.xml:71:13-74:29
action#android.intent.action.MAIN
ADDED from src/main/AndroidManifest.xml:72:17-69
	android:name
		ADDED from src/main/AndroidManifest.xml:72:25-66
category#android.intent.category.LAUNCHER
ADDED from src/main/AndroidManifest.xml:73:17-77
	android:name
		ADDED from src/main/AndroidManifest.xml:73:27-74
activity#org.wordpress.android.ui.main.WPMainActivity
ADDED from src/main/AndroidManifest.xml:78:9-80:58
	android:theme
		ADDED from src/main/AndroidManifest.xml:80:13-55
	android:name
		ADDED from src/main/AndroidManifest.xml:79:13-51
activity#org.wordpress.android.ui.accounts.SignInActivity
ADDED from src/main/AndroidManifest.xml:83:9-96:20
	android:windowSoftInputMode
		ADDED from src/main/AndroidManifest.xml:87:13-55
	android:configChanges
		ADDED from src/main/AndroidManifest.xml:85:13-74
	android:theme
		ADDED from src/main/AndroidManifest.xml:86:13-47
	android:name
		ADDED from src/main/AndroidManifest.xml:84:13-55
intent-filter#android.intent.action.VIEW+android.intent.category.BROWSABLE+android.intent.category.DEFAULT
ADDED from src/main/AndroidManifest.xml:88:13-95:29
action#android.intent.action.VIEW
ADDED from src/main/AndroidManifest.xml:89:17-69
	android:name
		ADDED from src/main/AndroidManifest.xml:89:25-66
category#android.intent.category.DEFAULT
ADDED from src/main/AndroidManifest.xml:90:17-76
	android:name
		ADDED from src/main/AndroidManifest.xml:90:27-73
category#android.intent.category.BROWSABLE
ADDED from src/main/AndroidManifest.xml:91:17-78
	android:name
		ADDED from src/main/AndroidManifest.xml:91:27-75
data
ADDED from src/main/AndroidManifest.xml:92:17-94:50
	android:host
		ADDED from src/main/AndroidManifest.xml:93:21-42
	android:scheme
		ADDED from src/main/AndroidManifest.xml:94:21-47
activity#org.wordpress.android.ui.accounts.NewBlogActivity
ADDED from src/main/AndroidManifest.xml:98:9-102:58
	android:windowSoftInputMode
		ADDED from src/main/AndroidManifest.xml:102:13-55
	android:configChanges
		ADDED from src/main/AndroidManifest.xml:100:13-74
	android:theme
		ADDED from src/main/AndroidManifest.xml:101:13-47
	android:name
		ADDED from src/main/AndroidManifest.xml:99:13-56
activity#org.wordpress.android.ui.accounts.HelpActivity
ADDED from src/main/AndroidManifest.xml:103:9-106:69
	android:label
		ADDED from src/main/AndroidManifest.xml:105:13-29
	android:theme
		ADDED from src/main/AndroidManifest.xml:106:13-66
	android:name
		ADDED from src/main/AndroidManifest.xml:104:13-53
activity#org.wordpress.android.ui.prefs.AboutActivity
ADDED from src/main/AndroidManifest.xml:110:9-112:66
	android:theme
		ADDED from src/main/AndroidManifest.xml:112:13-63
	android:name
		ADDED from src/main/AndroidManifest.xml:111:13-51
activity#org.wordpress.android.ui.prefs.BlogPreferencesActivity
ADDED from src/main/AndroidManifest.xml:113:9-117:51
	android:label
		ADDED from src/main/AndroidManifest.xml:116:13-45
	android:configChanges
		ADDED from src/main/AndroidManifest.xml:115:13-59
	android:theme
		ADDED from src/main/AndroidManifest.xml:117:13-48
	android:name
		ADDED from src/main/AndroidManifest.xml:114:13-61
activity#org.wordpress.android.ui.prefs.LicensesActivity
ADDED from src/main/AndroidManifest.xml:118:9-120:58
	android:theme
		ADDED from src/main/AndroidManifest.xml:120:13-55
	android:name
		ADDED from src/main/AndroidManifest.xml:119:13-54
activity#org.wordpress.android.ui.prefs.AccountSettingsActivity
ADDED from src/main/AndroidManifest.xml:121:9-125:51
	android:label
		ADDED from src/main/AndroidManifest.xml:124:13-53
	android:configChanges
		ADDED from src/main/AndroidManifest.xml:123:13-59
	android:theme
		ADDED from src/main/AndroidManifest.xml:125:13-48
	android:name
		ADDED from src/main/AndroidManifest.xml:122:13-61
activity#org.wordpress.android.ui.prefs.AppSettingsActivity
ADDED from src/main/AndroidManifest.xml:126:9-130:51
	android:label
		ADDED from src/main/AndroidManifest.xml:129:13-56
	android:configChanges
		ADDED from src/main/AndroidManifest.xml:128:13-66
	android:theme
		ADDED from src/main/AndroidManifest.xml:130:13-48
	android:name
		ADDED from src/main/AndroidManifest.xml:127:13-57
activity#org.wordpress.android.ui.prefs.notifications.NotificationsSettingsActivity
ADDED from src/main/AndroidManifest.xml:131:9-134:51
	android:configChanges
		ADDED from src/main/AndroidManifest.xml:133:13-59
	android:theme
		ADDED from src/main/AndroidManifest.xml:134:13-48
	android:name
		ADDED from src/main/AndroidManifest.xml:132:13-81
activity#org.wordpress.android.networking.SSLCertsViewActivity
ADDED from src/main/AndroidManifest.xml:135:9-137:58
	android:theme
		ADDED from src/main/AndroidManifest.xml:137:13-55
	android:name
		ADDED from src/main/AndroidManifest.xml:136:13-60
activity#org.wordpress.android.ui.comments.CommentsActivity
ADDED from src/main/AndroidManifest.xml:140:9-142:58
	android:theme
		ADDED from src/main/AndroidManifest.xml:142:13-55
	android:name
		ADDED from src/main/AndroidManifest.xml:141:13-57
activity#org.wordpress.android.ui.comments.CommentDetailActivity
ADDED from src/main/AndroidManifest.xml:143:9-146:57
	android:windowSoftInputMode
		ADDED from src/main/AndroidManifest.xml:146:13-54
	android:theme
		ADDED from src/main/AndroidManifest.xml:145:13-48
	android:name
		ADDED from src/main/AndroidManifest.xml:144:13-62
activity#org.wordpress.android.ui.comments.EditCommentActivity
ADDED from src/main/AndroidManifest.xml:147:9-149:51
	android:theme
		ADDED from src/main/AndroidManifest.xml:149:13-48
	android:name
		ADDED from src/main/AndroidManifest.xml:148:13-60
activity#org.wordpress.android.ui.posts.AddCategoryActivity
ADDED from src/main/AndroidManifest.xml:152:9-155:67
	android:label
		ADDED from src/main/AndroidManifest.xml:154:13-53
	android:theme
		ADDED from src/main/AndroidManifest.xml:155:13-64
	android:name
		ADDED from src/main/AndroidManifest.xml:153:13-57
activity#org.wordpress.android.editor.legacy.EditLinkActivity
ADDED from src/main/AndroidManifest.xml:156:9-160:58
MERGED from [org.wordpress:WordPressEditor:1.2:debug] AndroidManifest.xml:12:9-89
	android:label
		ADDED from src/main/AndroidManifest.xml:158:13-50
	android:windowSoftInputMode
		ADDED from src/main/AndroidManifest.xml:160:13-55
	android:theme
		ADDED from src/main/AndroidManifest.xml:159:13-64
	android:name
		ADDED from src/main/AndroidManifest.xml:157:13-59
activity#org.wordpress.android.ui.posts.EditPostActivity
ADDED from src/main/AndroidManifest.xml:161:9-173:20
	android:windowSoftInputMode
		ADDED from src/main/AndroidManifest.xml:165:13-67
	android:configChanges
		ADDED from src/main/AndroidManifest.xml:163:13-74
	android:theme
		ADDED from src/main/AndroidManifest.xml:164:13-48
	android:name
		ADDED from src/main/AndroidManifest.xml:162:13-54
meta-data#android.support.PARENT_ACTIVITY
ADDED from src/main/AndroidManifest.xml:166:13-168:63
	android:value
		ADDED from src/main/AndroidManifest.xml:168:17-60
	android:name
		ADDED from src/main/AndroidManifest.xml:167:17-63
intent-filter#android.intent.action.MAIN
ADDED from src/main/AndroidManifest.xml:170:13-172:29
activity-alias#org.wordpress.android.ui.posts.PostsActivity
ADDED from src/main/AndroidManifest.xml:175:9-182:26
	android:enabled
		ADDED from src/main/AndroidManifest.xml:177:13-35
	android:targetActivity
		ADDED from src/main/AndroidManifest.xml:178:13-58
	android:name
		ADDED from src/main/AndroidManifest.xml:176:13-51
activity#org.wordpress.android.ui.posts.PostsListActivity
ADDED from src/main/AndroidManifest.xml:184:9-186:58
	android:theme
		ADDED from src/main/AndroidManifest.xml:186:13-55
	android:name
		ADDED from src/main/AndroidManifest.xml:185:13-55
activity#org.wordpress.android.ui.posts.PostPreviewActivity
ADDED from src/main/AndroidManifest.xml:187:9-190:58
	android:label
		ADDED from src/main/AndroidManifest.xml:189:13-49
	android:theme
		ADDED from src/main/AndroidManifest.xml:190:13-55
	android:name
		ADDED from src/main/AndroidManifest.xml:188:13-57
activity#org.wordpress.android.ui.posts.SelectCategoriesActivity
ADDED from src/main/AndroidManifest.xml:191:9-193:51
	android:theme
		ADDED from src/main/AndroidManifest.xml:193:13-48
	android:name
		ADDED from src/main/AndroidManifest.xml:192:13-62
activity#org.wordpress.android.ui.plans.PlansActivity
ADDED from src/main/AndroidManifest.xml:196:9-197:63
	android:theme
		ADDED from src/main/AndroidManifest.xml:197:19-61
	android:name
		ADDED from src/main/AndroidManifest.xml:196:19-57
activity#org.wordpress.android.ui.plans.PlanPostPurchaseActivity
ADDED from src/main/AndroidManifest.xml:198:9-199:63
	android:theme
		ADDED from src/main/AndroidManifest.xml:199:19-61
	android:name
		ADDED from src/main/AndroidManifest.xml:198:19-68
activity#org.wordpress.android.ui.stats.StatsActivity
ADDED from src/main/AndroidManifest.xml:202:9-204:58
	android:theme
		ADDED from src/main/AndroidManifest.xml:204:13-55
	android:name
		ADDED from src/main/AndroidManifest.xml:203:13-51
activity#org.wordpress.android.ui.stats.StatsViewAllActivity
ADDED from src/main/AndroidManifest.xml:205:9-207:51
	android:theme
		ADDED from src/main/AndroidManifest.xml:207:13-48
	android:name
		ADDED from src/main/AndroidManifest.xml:206:13-58
activity#org.wordpress.android.ui.stats.StatsSingleItemDetailsActivity
ADDED from src/main/AndroidManifest.xml:208:9-210:51
	android:theme
		ADDED from src/main/AndroidManifest.xml:210:13-48
	android:name
		ADDED from src/main/AndroidManifest.xml:209:13-68
activity#org.wordpress.android.ui.stats.StatsWidgetConfigureActivity
ADDED from src/main/AndroidManifest.xml:211:9-218:20
	android:label
		ADDED from src/main/AndroidManifest.xml:213:13-54
	android:theme
		ADDED from src/main/AndroidManifest.xml:214:13-48
	android:name
		ADDED from src/main/AndroidManifest.xml:212:13-66